[2025-08-10T01:08:44.735Z] [FATAL] Uncaught Exception | {"message":"Cannot find module 'express-validator'\nRequire stack:\n- E:\\Project App\\appsch\\controllers\\rbacController.js\n- E:\\Project App\\appsch\\routes\\web.js\n- E:\\Project App\\appsch\\app.js\n- E:\\Project App\\appsch\\index.js","stack":"Error: Cannot find module 'express-validator'\nRequire stack:\n- E:\\Project App\\appsch\\controllers\\rbacController.js\n- E:\\Project App\\appsch\\routes\\web.js\n- E:\\Project App\\appsch\\app.js\n- E:\\Project App\\appsch\\index.js\n    at Function._resolveFilename (node:internal/modules/cjs/loader:1405:15)\n    at defaultResolveImpl (node:internal/modules/cjs/loader:1061:19)\n    at resolveForCJSWithHooks (node:internal/modules/cjs/loader:1066:22)\n    at Function._load (node:internal/modules/cjs/loader:1215:37)\n    at TracingChannel.traceSync (node:diagnostics_channel:322:14)\n    at wrapModuleLoad (node:internal/modules/cjs/loader:235:24)\n    at Module.require (node:internal/modules/cjs/loader:1491:12)\n    at require (node:internal/modules/helpers:135:16)\n    at Object.<anonymous> (E:\\Project App\\appsch\\controllers\\rbacController.js:7:30)\n    at Module._compile (node:internal/modules/cjs/loader:1734:14)"}
[2025-08-10T01:09:33.358Z] [FATAL] Uncaught Exception | {"message":"Cannot find module 'express-validator'\nRequire stack:\n- E:\\Project App\\appsch\\controllers\\rbacController.js\n- E:\\Project App\\appsch\\routes\\web.js\n- E:\\Project App\\appsch\\app.js\n- E:\\Project App\\appsch\\index.js","stack":"Error: Cannot find module 'express-validator'\nRequire stack:\n- E:\\Project App\\appsch\\controllers\\rbacController.js\n- E:\\Project App\\appsch\\routes\\web.js\n- E:\\Project App\\appsch\\app.js\n- E:\\Project App\\appsch\\index.js\n    at Function._resolveFilename (node:internal/modules/cjs/loader:1405:15)\n    at defaultResolveImpl (node:internal/modules/cjs/loader:1061:19)\n    at resolveForCJSWithHooks (node:internal/modules/cjs/loader:1066:22)\n    at Function._load (node:internal/modules/cjs/loader:1215:37)\n    at TracingChannel.traceSync (node:diagnostics_channel:322:14)\n    at wrapModuleLoad (node:internal/modules/cjs/loader:235:24)\n    at Module.require (node:internal/modules/cjs/loader:1491:12)\n    at require (node:internal/modules/helpers:135:16)\n    at Object.<anonymous> (E:\\Project App\\appsch\\controllers\\rbacController.js:7:30)\n    at Module._compile (node:internal/modules/cjs/loader:1734:14)"}
[2025-08-10T01:09:43.693Z] [FATAL] Uncaught Exception | {"message":"Cannot find module 'express-validator'\nRequire stack:\n- E:\\Project App\\appsch\\controllers\\rbacController.js\n- E:\\Project App\\appsch\\routes\\web.js\n- E:\\Project App\\appsch\\app.js\n- E:\\Project App\\appsch\\index.js","stack":"Error: Cannot find module 'express-validator'\nRequire stack:\n- E:\\Project App\\appsch\\controllers\\rbacController.js\n- E:\\Project App\\appsch\\routes\\web.js\n- E:\\Project App\\appsch\\app.js\n- E:\\Project App\\appsch\\index.js\n    at Function._resolveFilename (node:internal/modules/cjs/loader:1405:15)\n    at defaultResolveImpl (node:internal/modules/cjs/loader:1061:19)\n    at resolveForCJSWithHooks (node:internal/modules/cjs/loader:1066:22)\n    at Function._load (node:internal/modules/cjs/loader:1215:37)\n    at TracingChannel.traceSync (node:diagnostics_channel:322:14)\n    at wrapModuleLoad (node:internal/modules/cjs/loader:235:24)\n    at Module.require (node:internal/modules/cjs/loader:1491:12)\n    at require (node:internal/modules/helpers:135:16)\n    at Object.<anonymous> (E:\\Project App\\appsch\\controllers\\rbacController.js:7:30)\n    at Module._compile (node:internal/modules/cjs/loader:1734:14)"}
[2025-08-10T01:10:04.287Z] [FATAL] Uncaught Exception | {"message":"argument handler must be a function","stack":"TypeError: argument handler must be a function\n    at Route.<computed> [as post] (E:\\Project App\\appsch\\node_modules\\router\\lib\\route.js:228:15)\n    at Router.<computed> [as post] (E:\\Project App\\appsch\\node_modules\\router\\index.js:448:19)\n    at Object.<anonymous> (E:\\Project App\\appsch\\routes\\web.js:56:8)\n    at Module._compile (node:internal/modules/cjs/loader:1734:14)\n    at Object..js (node:internal/modules/cjs/loader:1899:10)\n    at Module.load (node:internal/modules/cjs/loader:1469:32)\n    at Function._load (node:internal/modules/cjs/loader:1286:12)\n    at TracingChannel.traceSync (node:diagnostics_channel:322:14)\n    at wrapModuleLoad (node:internal/modules/cjs/loader:235:24)\n    at Module.require (node:internal/modules/cjs/loader:1491:12)"}
[2025-08-10T01:10:12.798Z] [FATAL] Uncaught Exception | {"message":"argument handler must be a function","stack":"TypeError: argument handler must be a function\n    at Route.<computed> [as post] (E:\\Project App\\appsch\\node_modules\\router\\lib\\route.js:228:15)\n    at Router.<computed> [as post] (E:\\Project App\\appsch\\node_modules\\router\\index.js:448:19)\n    at Object.<anonymous> (E:\\Project App\\appsch\\routes\\web.js:56:8)\n    at Module._compile (node:internal/modules/cjs/loader:1734:14)\n    at Object..js (node:internal/modules/cjs/loader:1899:10)\n    at Module.load (node:internal/modules/cjs/loader:1469:32)\n    at Function._load (node:internal/modules/cjs/loader:1286:12)\n    at TracingChannel.traceSync (node:diagnostics_channel:322:14)\n    at wrapModuleLoad (node:internal/modules/cjs/loader:235:24)\n    at Module.require (node:internal/modules/cjs/loader:1491:12)"}
[2025-08-10T01:11:11.330Z] [ERROR] Error loading RBAC dashboard | {"error":"select `role`.* from `role` order by `roleId` asc - Unknown column 'roleId' in 'order clause'","stack":"DBError: select `role`.* from `role` order by `roleId` asc - Unknown column 'roleId' in 'order clause'\n    at wrapError (E:\\Project App\\appsch\\node_modules\\db-errors\\lib\\dbErrors.js:19:14)\n    at handleExecuteError (E:\\Project App\\appsch\\node_modules\\objection\\lib\\queryBuilder\\QueryBuilder.js:1140:32)\n    at QueryBuilder.execute (E:\\Project App\\appsch\\node_modules\\objection\\lib\\queryBuilder\\QueryBuilder.js:449:20)\n    at process.processTicksAndRejections (node:internal/process/task_queues:105:5)\n    at async dashboard (E:\\Project App\\appsch\\controllers\\rbacController.js:15:27)","userId":"e14ac402-8404-4772-b0a3-d144f0b51da2"}
[2025-08-10T01:11:11.331Z] [ERROR] Response sent | {"requestId":"cc143a1f-08f7-47f1-a281-0e7a99b9fef0","method":"GET","url":"/rbac-control","statusCode":500,"responseTime":"1002ms","userId":"anonymous","timestamp":"2025-08-10T01:11:11.331Z","responseData":{"view":"error/500","locals":{"title":"Server Error","message":"Failed to load RBAC dashboard"}}}
[2025-08-10T01:11:28.499Z] [ERROR] Error loading RBAC dashboard | {"error":"select `role`.* from `role` order by `roleId` asc - Unknown column 'roleId' in 'order clause'","stack":"DBError: select `role`.* from `role` order by `roleId` asc - Unknown column 'roleId' in 'order clause'\n    at wrapError (E:\\Project App\\appsch\\node_modules\\db-errors\\lib\\dbErrors.js:19:14)\n    at handleExecuteError (E:\\Project App\\appsch\\node_modules\\objection\\lib\\queryBuilder\\QueryBuilder.js:1140:32)\n    at QueryBuilder.execute (E:\\Project App\\appsch\\node_modules\\objection\\lib\\queryBuilder\\QueryBuilder.js:449:20)\n    at process.processTicksAndRejections (node:internal/process/task_queues:105:5)\n    at async dashboard (E:\\Project App\\appsch\\controllers\\rbacController.js:15:27)","userId":"e14ac402-8404-4772-b0a3-d144f0b51da2"}
[2025-08-10T01:11:28.500Z] [ERROR] Response sent | {"requestId":"88fd6c28-ac15-498e-8a8f-3f04a0d2d6fa","method":"GET","url":"/rbac-control","statusCode":500,"responseTime":"1037ms","userId":"anonymous","timestamp":"2025-08-10T01:11:28.500Z","responseData":{"view":"error/500","locals":{"title":"Server Error","message":"Failed to load RBAC dashboard"}}}
[2025-08-10T01:14:32.384Z] [ERROR] Error loading RBAC dashboard | {"error":"select `role`.* from `role` order by `roleId` asc - Unknown column 'roleId' in 'order clause'","stack":"DBError: select `role`.* from `role` order by `roleId` asc - Unknown column 'roleId' in 'order clause'\n    at wrapError (E:\\Project App\\appsch\\node_modules\\db-errors\\lib\\dbErrors.js:19:14)\n    at handleExecuteError (E:\\Project App\\appsch\\node_modules\\objection\\lib\\queryBuilder\\QueryBuilder.js:1140:32)\n    at QueryBuilder.execute (E:\\Project App\\appsch\\node_modules\\objection\\lib\\queryBuilder\\QueryBuilder.js:449:20)\n    at process.processTicksAndRejections (node:internal/process/task_queues:105:5)\n    at async dashboard (E:\\Project App\\appsch\\controllers\\rbacController.js:15:27)","userId":"e14ac402-8404-4772-b0a3-d144f0b51da2"}
[2025-08-10T01:14:32.385Z] [ERROR] Response sent | {"requestId":"e5fe6953-b994-448b-a292-8cf49976faed","method":"GET","url":"/rbac-control","statusCode":500,"responseTime":"988ms","userId":"anonymous","timestamp":"2025-08-10T01:14:32.385Z","responseData":{"view":"error/500","locals":{"title":"Server Error","message":"Failed to load RBAC dashboard"}}}
[2025-08-10T01:15:52.280Z] [ERROR] Error loading RBAC dashboard | {"error":"unknown relation \"role\" in an eager expression","stack":"ValidationError: unknown relation \"role\" in an eager expression\n    at User.createValidationError (E:\\Project App\\appsch\\node_modules\\objection\\lib\\model\\Model.js:338:12)\n    at findRelationsToFetch (E:\\Project App\\appsch\\node_modules\\objection\\lib\\queryBuilder\\operations\\eager\\WhereInEagerOperation.js:225:24)\n    at WhereInEagerOperation.onBuild (E:\\Project App\\appsch\\node_modules\\objection\\lib\\queryBuilder\\operations\\eager\\WhereInEagerOperation.js:42:30)\n    at QueryBuilder.callOperationMethod (E:\\Project App\\appsch\\node_modules\\objection\\lib\\queryBuilder\\QueryBuilderOperationSupport.js:382:33)\n    at E:\\Project App\\appsch\\node_modules\\objection\\lib\\queryBuilder\\QueryBuilderOperationSupport.js:481:14\n    at QueryBuilder.forEachOperation (E:\\Project App\\appsch\\node_modules\\objection\\lib\\queryBuilder\\QueryBuilderOperationSupport.js:319:37)\n    at QueryBuilder.executeOnBuild (E:\\Project App\\appsch\\node_modules\\objection\\lib\\queryBuilder\\QueryBuilderOperationSupport.js:479:10)\n    at callOnBuildHooks (E:\\Project App\\appsch\\node_modules\\objection\\lib\\queryBuilder\\QueryBuilder.js:1228:11)\n    at doExecute (E:\\Project App\\appsch\\node_modules\\objection\\lib\\queryBuilder\\QueryBuilder.js:1086:13)\n    at QueryBuilder.execute (E:\\Project App\\appsch\\node_modules\\objection\\lib\\queryBuilder\\QueryBuilder.js:446:28)","userId":"e14ac402-8404-4772-b0a3-d144f0b51da2"}
[2025-08-10T01:15:52.281Z] [ERROR] Response sent | {"requestId":"3ab60752-738f-467e-987b-a7f3cc3accfb","method":"GET","url":"/rbac-control","statusCode":500,"responseTime":"1029ms","userId":"anonymous","timestamp":"2025-08-10T01:15:52.281Z","responseData":{"view":"error/500","locals":{"title":"Server Error","message":"Failed to load RBAC dashboard"}}}
[2025-08-10T01:16:43.807Z] [ERROR] Error loading RBAC dashboard | {"error":"req.csrfToken is not a function","stack":"TypeError: req.csrfToken is not a function\n    at dashboard (E:\\Project App\\appsch\\controllers\\rbacController.js:31:32)\n    at process.processTicksAndRejections (node:internal/process/task_queues:105:5)","userId":"e14ac402-8404-4772-b0a3-d144f0b51da2"}
[2025-08-10T01:16:43.809Z] [ERROR] Response sent | {"requestId":"d5e18188-3337-49bd-8856-73ad9a3b1afd","method":"GET","url":"/rbac-control","statusCode":500,"responseTime":"1424ms","userId":"anonymous","timestamp":"2025-08-10T01:16:43.809Z","responseData":{"view":"error/500","locals":{"title":"Server Error","message":"Failed to load RBAC dashboard"}}}
[2025-08-10T01:35:33.452Z] [FATAL] Uncaught Exception | {"message":"nodemailer.createTransporter is not a function","stack":"TypeError: nodemailer.createTransporter is not a function\n    at EmailService.initializeTransporter (E:\\Project App\\appsch\\services\\EmailService.js:14:39)\n    at new EmailService (E:\\Project App\\appsch\\services\\EmailService.js:8:14)\n    at Object.<anonymous> (E:\\Project App\\appsch\\services\\EmailService.js:198:18)\n    at Module._compile (node:internal/modules/cjs/loader:1734:14)\n    at Object..js (node:internal/modules/cjs/loader:1899:10)\n    at Module.load (node:internal/modules/cjs/loader:1469:32)\n    at Function._load (node:internal/modules/cjs/loader:1286:12)\n    at TracingChannel.traceSync (node:diagnostics_channel:322:14)\n    at wrapModuleLoad (node:internal/modules/cjs/loader:235:24)\n    at Module.require (node:internal/modules/cjs/loader:1491:12)"}
[2025-08-10T01:37:30.674Z] [FATAL] Uncaught Exception | {"message":"Missing catch or finally after try","stack":"E:\\Project App\\appsch\\services\\EmailService.js:47\n    }\n    ^\n\nSyntaxError: Missing catch or finally after try\n    at wrapSafe (node:internal/modules/cjs/loader:1666:18)\n    at Module._compile (node:internal/modules/cjs/loader:1708:20)\n    at Object..js (node:internal/modules/cjs/loader:1899:10)\n    at Module.load (node:internal/modules/cjs/loader:1469:32)\n    at Function._load (node:internal/modules/cjs/loader:1286:12)\n    at TracingChannel.traceSync (node:diagnostics_channel:322:14)\n    at wrapModuleLoad (node:internal/modules/cjs/loader:235:24)\n    at Module.require (node:internal/modules/cjs/loader:1491:12)\n    at require (node:internal/modules/helpers:135:16)\n    at Object.<anonymous> (E:\\Project App\\appsch\\controllers\\passwordResetController.js:7:22)"}
[2025-08-10T02:06:14.972Z] [FATAL] Uncaught Exception | {"message":"Unexpected token '}'","stack":"E:\\Project App\\appsch\\controllers\\recordsController.js:150\n}\n^\n\nSyntaxError: Unexpected token '}'\n    at wrapSafe (node:internal/modules/cjs/loader:1666:18)\n    at Module._compile (node:internal/modules/cjs/loader:1708:20)\n    at Object..js (node:internal/modules/cjs/loader:1899:10)\n    at Module.load (node:internal/modules/cjs/loader:1469:32)\n    at Function._load (node:internal/modules/cjs/loader:1286:12)\n    at TracingChannel.traceSync (node:diagnostics_channel:322:14)\n    at wrapModuleLoad (node:internal/modules/cjs/loader:235:24)\n    at Module.require (node:internal/modules/cjs/loader:1491:12)\n    at require (node:internal/modules/helpers:135:16)\n    at Object.<anonymous> (E:\\Project App\\appsch\\routes\\web.js:9:27)"}
[2025-08-10T02:06:39.615Z] [FATAL] Uncaught Exception | {"message":"Unexpected token '}'","stack":"E:\\Project App\\appsch\\controllers\\recordsController.js:150\n}\n^\n\nSyntaxError: Unexpected token '}'\n    at wrapSafe (node:internal/modules/cjs/loader:1666:18)\n    at Module._compile (node:internal/modules/cjs/loader:1708:20)\n    at Object..js (node:internal/modules/cjs/loader:1899:10)\n    at Module.load (node:internal/modules/cjs/loader:1469:32)\n    at Function._load (node:internal/modules/cjs/loader:1286:12)\n    at TracingChannel.traceSync (node:diagnostics_channel:322:14)\n    at wrapModuleLoad (node:internal/modules/cjs/loader:235:24)\n    at Module.require (node:internal/modules/cjs/loader:1491:12)\n    at require (node:internal/modules/helpers:135:16)\n    at Object.<anonymous> (E:\\Project App\\appsch\\routes\\web.js:9:27)"}
[2025-08-10T02:07:18.266Z] [FATAL] Uncaught Exception | {"message":"Unexpected token '}'","stack":"E:\\Project App\\appsch\\controllers\\recordsController.js:150\n}\n^\n\nSyntaxError: Unexpected token '}'\n    at wrapSafe (node:internal/modules/cjs/loader:1666:18)\n    at Module._compile (node:internal/modules/cjs/loader:1708:20)\n    at Object..js (node:internal/modules/cjs/loader:1899:10)\n    at Module.load (node:internal/modules/cjs/loader:1469:32)\n    at Function._load (node:internal/modules/cjs/loader:1286:12)\n    at TracingChannel.traceSync (node:diagnostics_channel:322:14)\n    at wrapModuleLoad (node:internal/modules/cjs/loader:235:24)\n    at Module.require (node:internal/modules/cjs/loader:1491:12)\n    at require (node:internal/modules/helpers:135:16)\n    at Object.<anonymous> (E:\\Project App\\appsch\\routes\\web.js:9:27)"}
[2025-08-10T02:07:31.216Z] [FATAL] Uncaught Exception | {"message":"Unexpected token '}'","stack":"E:\\Project App\\appsch\\controllers\\recordsController.js:150\n}\n^\n\nSyntaxError: Unexpected token '}'\n    at wrapSafe (node:internal/modules/cjs/loader:1666:18)\n    at Module._compile (node:internal/modules/cjs/loader:1708:20)\n    at Object..js (node:internal/modules/cjs/loader:1899:10)\n    at Module.load (node:internal/modules/cjs/loader:1469:32)\n    at Function._load (node:internal/modules/cjs/loader:1286:12)\n    at TracingChannel.traceSync (node:diagnostics_channel:322:14)\n    at wrapModuleLoad (node:internal/modules/cjs/loader:235:24)\n    at Module.require (node:internal/modules/cjs/loader:1491:12)\n    at require (node:internal/modules/helpers:135:16)\n    at Object.<anonymous> (E:\\Project App\\appsch\\routes\\web.js:9:27)"}
[2025-08-10T02:07:48.266Z] [FATAL] Uncaught Exception | {"message":"Unexpected token '}'","stack":"E:\\Project App\\appsch\\controllers\\recordsController.js:150\n}\n^\n\nSyntaxError: Unexpected token '}'\n    at wrapSafe (node:internal/modules/cjs/loader:1666:18)\n    at Module._compile (node:internal/modules/cjs/loader:1708:20)\n    at Object..js (node:internal/modules/cjs/loader:1899:10)\n    at Module.load (node:internal/modules/cjs/loader:1469:32)\n    at Function._load (node:internal/modules/cjs/loader:1286:12)\n    at TracingChannel.traceSync (node:diagnostics_channel:322:14)\n    at wrapModuleLoad (node:internal/modules/cjs/loader:235:24)\n    at Module.require (node:internal/modules/cjs/loader:1491:12)\n    at require (node:internal/modules/helpers:135:16)\n    at Object.<anonymous> (E:\\Project App\\appsch\\routes\\web.js:9:27)"}
