[2025-12-23T12:36:20.421Z] [ERROR] E:\Project App\appsch\views\rbac-control.ejs:272
    270|                                             <div class="form-check form-switch d-flex justify-content-center">
    271|                                                 <input class="form-check-input permission-switch" type="checkbox" 
 >> 272|                                                        <%= r.permission.includes('1') ? 'checked' : '' %>
    273|                                                        data-role="<%= r.id %>" data-permission="1">
    274|                                             </div>
    275|                                         </td>

r.permission.includes is not a function | {"url":"/rbac-control","method":"GET","ip":"::1","userAgent":"Mozilla/5.0 (Windows NT 10.0; Win64; x64) AppleWebKit/537.36 (KHTML, like Gecko) Chrome/139.0.0.0 Safari/537.36","userId":"anonymous","params":{},"query":{},"stack":"TypeError: E:\\Project App\\appsch\\views\\rbac-control.ejs:272\n    270|                                             <div class=\"form-check form-switch d-flex justify-content-center\">\r\n    271|                                                 <input class=\"form-check-input permission-switch\" type=\"checkbox\" \r\n >> 272|                                                        <%= r.permission.includes('1') ? 'checked' : '' %>\r\n    273|                                                        data-role=\"<%= r.id %>\" data-permission=\"1\">\r\n    274|                                             </div>\r\n    275|                                         </td>\r\n\nr.permission.includes is not a function\n    at eval (eval at compile (E:\\Project App\\appsch\\node_modules\\ejs\\lib\\ejs.js:673:12), <anonymous>:24:39)\n    at Array.forEach (<anonymous>)\n    at eval (eval at compile (E:\\Project App\\appsch\\node_modules\\ejs\\lib\\ejs.js:673:12), <anonymous>:18:13)\n    at rbac-control (E:\\Project App\\appsch\\node_modules\\ejs\\lib\\ejs.js:703:17)\n    at tryHandleCache (E:\\Project App\\appsch\\node_modules\\ejs\\lib\\ejs.js:274:36)\n    at exports.renderFile [as engine] (E:\\Project App\\appsch\\node_modules\\ejs\\lib\\ejs.js:491:10)\n    at View.render (E:\\Project App\\appsch\\node_modules\\express\\lib\\view.js:139:8)\n    at tryRender (E:\\Project App\\appsch\\node_modules\\express\\lib\\application.js:627:10)\n    at Function.render (E:\\Project App\\appsch\\node_modules\\express\\lib\\application.js:574:3)\n    at ServerResponse.render (E:\\Project App\\appsch\\node_modules\\express\\lib\\response.js:909:7)"}
[2025-12-23T12:45:01.983Z] [ERROR] E:\Project App\appsch\views\rbac-control.ejs:272
    270|                                             <div class="form-check form-switch d-flex justify-content-center">
    271|                                                 <input class="form-check-input permission-switch" type="checkbox" 
 >> 272|                                                        <%= r.permission.includes('1') ? 'checked' : '' %>
    273|                                                        data-role="<%= r.id %>" data-permission="1">
    274|                                             </div>
    275|                                         </td>

r.permission.includes is not a function | {"url":"/rbac-control","method":"GET","ip":"::1","userAgent":"Mozilla/5.0 (Windows NT 10.0; Win64; x64) AppleWebKit/537.36 (KHTML, like Gecko) Chrome/139.0.0.0 Safari/537.36","userId":"anonymous","params":{},"query":{},"stack":"TypeError: E:\\Project App\\appsch\\views\\rbac-control.ejs:272\n    270|                                             <div class=\"form-check form-switch d-flex justify-content-center\">\r\n    271|                                                 <input class=\"form-check-input permission-switch\" type=\"checkbox\" \r\n >> 272|                                                        <%= r.permission.includes('1') ? 'checked' : '' %>\r\n    273|                                                        data-role=\"<%= r.id %>\" data-permission=\"1\">\r\n    274|                                             </div>\r\n    275|                                         </td>\r\n\nr.permission.includes is not a function\n    at eval (eval at compile (E:\\Project App\\appsch\\node_modules\\ejs\\lib\\ejs.js:673:12), <anonymous>:24:39)\n    at Array.forEach (<anonymous>)\n    at eval (eval at compile (E:\\Project App\\appsch\\node_modules\\ejs\\lib\\ejs.js:673:12), <anonymous>:18:13)\n    at rbac-control (E:\\Project App\\appsch\\node_modules\\ejs\\lib\\ejs.js:703:17)\n    at tryHandleCache (E:\\Project App\\appsch\\node_modules\\ejs\\lib\\ejs.js:274:36)\n    at exports.renderFile [as engine] (E:\\Project App\\appsch\\node_modules\\ejs\\lib\\ejs.js:491:10)\n    at View.render (E:\\Project App\\appsch\\node_modules\\express\\lib\\view.js:139:8)\n    at tryRender (E:\\Project App\\appsch\\node_modules\\express\\lib\\application.js:627:10)\n    at Function.render (E:\\Project App\\appsch\\node_modules\\express\\lib\\application.js:574:3)\n    at ServerResponse.render (E:\\Project App\\appsch\\node_modules\\express\\lib\\response.js:909:7)"}
[2025-12-23T12:45:04.863Z] [ERROR] E:\Project App\appsch\views\rbac-control.ejs:272
    270|                                             <div class="form-check form-switch d-flex justify-content-center">
    271|                                                 <input class="form-check-input permission-switch" type="checkbox" 
 >> 272|                                                        <%= r.permission.includes('1') ? 'checked' : '' %>
    273|                                                        data-role="<%= r.id %>" data-permission="1">
    274|                                             </div>
    275|                                         </td>

r.permission.includes is not a function | {"url":"/rbac-control","method":"GET","ip":"::1","userAgent":"Mozilla/5.0 (Windows NT 10.0; Win64; x64) AppleWebKit/537.36 (KHTML, like Gecko) Chrome/139.0.0.0 Safari/537.36","userId":"anonymous","params":{},"query":{},"stack":"TypeError: E:\\Project App\\appsch\\views\\rbac-control.ejs:272\n    270|                                             <div class=\"form-check form-switch d-flex justify-content-center\">\r\n    271|                                                 <input class=\"form-check-input permission-switch\" type=\"checkbox\" \r\n >> 272|                                                        <%= r.permission.includes('1') ? 'checked' : '' %>\r\n    273|                                                        data-role=\"<%= r.id %>\" data-permission=\"1\">\r\n    274|                                             </div>\r\n    275|                                         </td>\r\n\nr.permission.includes is not a function\n    at eval (eval at compile (E:\\Project App\\appsch\\node_modules\\ejs\\lib\\ejs.js:673:12), <anonymous>:24:39)\n    at Array.forEach (<anonymous>)\n    at eval (eval at compile (E:\\Project App\\appsch\\node_modules\\ejs\\lib\\ejs.js:673:12), <anonymous>:18:13)\n    at rbac-control (E:\\Project App\\appsch\\node_modules\\ejs\\lib\\ejs.js:703:17)\n    at tryHandleCache (E:\\Project App\\appsch\\node_modules\\ejs\\lib\\ejs.js:274:36)\n    at exports.renderFile [as engine] (E:\\Project App\\appsch\\node_modules\\ejs\\lib\\ejs.js:491:10)\n    at View.render (E:\\Project App\\appsch\\node_modules\\express\\lib\\view.js:139:8)\n    at tryRender (E:\\Project App\\appsch\\node_modules\\express\\lib\\application.js:627:10)\n    at Function.render (E:\\Project App\\appsch\\node_modules\\express\\lib\\application.js:574:3)\n    at ServerResponse.render (E:\\Project App\\appsch\\node_modules\\express\\lib\\response.js:909:7)"}
[2025-12-23T12:45:07.818Z] [ERROR] E:\Project App\appsch\views\rbac-control.ejs:272
    270|                                             <div class="form-check form-switch d-flex justify-content-center">
    271|                                                 <input class="form-check-input permission-switch" type="checkbox" 
 >> 272|                                                        <%= r.permission.includes('1') ? 'checked' : '' %>
    273|                                                        data-role="<%= r.id %>" data-permission="1">
    274|                                             </div>
    275|                                         </td>

r.permission.includes is not a function | {"url":"/rbac-control","method":"GET","ip":"::1","userAgent":"Mozilla/5.0 (Windows NT 10.0; Win64; x64) AppleWebKit/537.36 (KHTML, like Gecko) Chrome/139.0.0.0 Safari/537.36","userId":"anonymous","params":{},"query":{},"stack":"TypeError: E:\\Project App\\appsch\\views\\rbac-control.ejs:272\n    270|                                             <div class=\"form-check form-switch d-flex justify-content-center\">\r\n    271|                                                 <input class=\"form-check-input permission-switch\" type=\"checkbox\" \r\n >> 272|                                                        <%= r.permission.includes('1') ? 'checked' : '' %>\r\n    273|                                                        data-role=\"<%= r.id %>\" data-permission=\"1\">\r\n    274|                                             </div>\r\n    275|                                         </td>\r\n\nr.permission.includes is not a function\n    at eval (eval at compile (E:\\Project App\\appsch\\node_modules\\ejs\\lib\\ejs.js:673:12), <anonymous>:24:39)\n    at Array.forEach (<anonymous>)\n    at eval (eval at compile (E:\\Project App\\appsch\\node_modules\\ejs\\lib\\ejs.js:673:12), <anonymous>:18:13)\n    at rbac-control (E:\\Project App\\appsch\\node_modules\\ejs\\lib\\ejs.js:703:17)\n    at tryHandleCache (E:\\Project App\\appsch\\node_modules\\ejs\\lib\\ejs.js:274:36)\n    at exports.renderFile [as engine] (E:\\Project App\\appsch\\node_modules\\ejs\\lib\\ejs.js:491:10)\n    at View.render (E:\\Project App\\appsch\\node_modules\\express\\lib\\view.js:139:8)\n    at tryRender (E:\\Project App\\appsch\\node_modules\\express\\lib\\application.js:627:10)\n    at Function.render (E:\\Project App\\appsch\\node_modules\\express\\lib\\application.js:574:3)\n    at ServerResponse.render (E:\\Project App\\appsch\\node_modules\\express\\lib\\response.js:909:7)"}
[2025-12-23T12:49:06.657Z] [ERROR] E:\Project App\appsch\views\rbac-control.ejs:272
    270|                                             <div class="form-check form-switch d-flex justify-content-center">
    271|                                                 <input class="form-check-input permission-switch" type="checkbox" 
 >> 272|                                                        <%= r.permission.includes('1') ? 'checked' : '' %>
    273|                                                        data-role="<%= r.id %>" data-permission="1">
    274|                                             </div>
    275|                                         </td>

r.permission.includes is not a function | {"url":"/rbac-control","method":"GET","ip":"::1","userAgent":"Mozilla/5.0 (Windows NT 10.0; Win64; x64) AppleWebKit/537.36 (KHTML, like Gecko) Chrome/139.0.0.0 Safari/537.36","userId":"anonymous","params":{},"query":{},"stack":"TypeError: E:\\Project App\\appsch\\views\\rbac-control.ejs:272\n    270|                                             <div class=\"form-check form-switch d-flex justify-content-center\">\r\n    271|                                                 <input class=\"form-check-input permission-switch\" type=\"checkbox\" \r\n >> 272|                                                        <%= r.permission.includes('1') ? 'checked' : '' %>\r\n    273|                                                        data-role=\"<%= r.id %>\" data-permission=\"1\">\r\n    274|                                             </div>\r\n    275|                                         </td>\r\n\nr.permission.includes is not a function\n    at eval (eval at compile (E:\\Project App\\appsch\\node_modules\\ejs\\lib\\ejs.js:673:12), <anonymous>:24:39)\n    at Array.forEach (<anonymous>)\n    at eval (eval at compile (E:\\Project App\\appsch\\node_modules\\ejs\\lib\\ejs.js:673:12), <anonymous>:18:13)\n    at rbac-control (E:\\Project App\\appsch\\node_modules\\ejs\\lib\\ejs.js:703:17)\n    at tryHandleCache (E:\\Project App\\appsch\\node_modules\\ejs\\lib\\ejs.js:274:36)\n    at exports.renderFile [as engine] (E:\\Project App\\appsch\\node_modules\\ejs\\lib\\ejs.js:491:10)\n    at View.render (E:\\Project App\\appsch\\node_modules\\express\\lib\\view.js:139:8)\n    at tryRender (E:\\Project App\\appsch\\node_modules\\express\\lib\\application.js:627:10)\n    at Function.render (E:\\Project App\\appsch\\node_modules\\express\\lib\\application.js:574:3)\n    at ServerResponse.render (E:\\Project App\\appsch\\node_modules\\express\\lib\\response.js:909:7)"}
[2025-12-23T12:49:08.198Z] [ERROR] E:\Project App\appsch\views\rbac-control.ejs:272
    270|                                             <div class="form-check form-switch d-flex justify-content-center">
    271|                                                 <input class="form-check-input permission-switch" type="checkbox" 
 >> 272|                                                        <%= r.permission.includes('1') ? 'checked' : '' %>
    273|                                                        data-role="<%= r.id %>" data-permission="1">
    274|                                             </div>
    275|                                         </td>

r.permission.includes is not a function | {"url":"/rbac-control","method":"GET","ip":"::1","userAgent":"Mozilla/5.0 (Windows NT 10.0; Win64; x64) AppleWebKit/537.36 (KHTML, like Gecko) Chrome/139.0.0.0 Safari/537.36","userId":"anonymous","params":{},"query":{},"stack":"TypeError: E:\\Project App\\appsch\\views\\rbac-control.ejs:272\n    270|                                             <div class=\"form-check form-switch d-flex justify-content-center\">\r\n    271|                                                 <input class=\"form-check-input permission-switch\" type=\"checkbox\" \r\n >> 272|                                                        <%= r.permission.includes('1') ? 'checked' : '' %>\r\n    273|                                                        data-role=\"<%= r.id %>\" data-permission=\"1\">\r\n    274|                                             </div>\r\n    275|                                         </td>\r\n\nr.permission.includes is not a function\n    at eval (eval at compile (E:\\Project App\\appsch\\node_modules\\ejs\\lib\\ejs.js:673:12), <anonymous>:24:39)\n    at Array.forEach (<anonymous>)\n    at eval (eval at compile (E:\\Project App\\appsch\\node_modules\\ejs\\lib\\ejs.js:673:12), <anonymous>:18:13)\n    at rbac-control (E:\\Project App\\appsch\\node_modules\\ejs\\lib\\ejs.js:703:17)\n    at tryHandleCache (E:\\Project App\\appsch\\node_modules\\ejs\\lib\\ejs.js:274:36)\n    at exports.renderFile [as engine] (E:\\Project App\\appsch\\node_modules\\ejs\\lib\\ejs.js:491:10)\n    at View.render (E:\\Project App\\appsch\\node_modules\\express\\lib\\view.js:139:8)\n    at tryRender (E:\\Project App\\appsch\\node_modules\\express\\lib\\application.js:627:10)\n    at Function.render (E:\\Project App\\appsch\\node_modules\\express\\lib\\application.js:574:3)\n    at ServerResponse.render (E:\\Project App\\appsch\\node_modules\\express\\lib\\response.js:909:7)"}
[2025-12-23T12:50:59.191Z] [ERROR] E:\Project App\appsch\views\rbac-control.ejs:272
    270|                                             <div class="form-check form-switch d-flex justify-content-center">
    271|                                                 <input class="form-check-input permission-switch" type="checkbox" 
 >> 272|                                                        <%= r.permission.includes('1') ? 'checked' : '' %>
    273|                                                        data-role="<%= r.id %>" data-permission="1">
    274|                                             </div>
    275|                                         </td>

r.permission.includes is not a function | {"url":"/rbac-control","method":"GET","ip":"::1","userAgent":"Mozilla/5.0 (Windows NT 10.0; Win64; x64) AppleWebKit/537.36 (KHTML, like Gecko) Chrome/139.0.0.0 Safari/537.36","userId":"anonymous","params":{},"query":{},"stack":"TypeError: E:\\Project App\\appsch\\views\\rbac-control.ejs:272\n    270|                                             <div class=\"form-check form-switch d-flex justify-content-center\">\r\n    271|                                                 <input class=\"form-check-input permission-switch\" type=\"checkbox\" \r\n >> 272|                                                        <%= r.permission.includes('1') ? 'checked' : '' %>\r\n    273|                                                        data-role=\"<%= r.id %>\" data-permission=\"1\">\r\n    274|                                             </div>\r\n    275|                                         </td>\r\n\nr.permission.includes is not a function\n    at eval (eval at compile (E:\\Project App\\appsch\\node_modules\\ejs\\lib\\ejs.js:673:12), <anonymous>:24:39)\n    at Array.forEach (<anonymous>)\n    at eval (eval at compile (E:\\Project App\\appsch\\node_modules\\ejs\\lib\\ejs.js:673:12), <anonymous>:18:13)\n    at rbac-control (E:\\Project App\\appsch\\node_modules\\ejs\\lib\\ejs.js:703:17)\n    at tryHandleCache (E:\\Project App\\appsch\\node_modules\\ejs\\lib\\ejs.js:274:36)\n    at exports.renderFile [as engine] (E:\\Project App\\appsch\\node_modules\\ejs\\lib\\ejs.js:491:10)\n    at View.render (E:\\Project App\\appsch\\node_modules\\express\\lib\\view.js:139:8)\n    at tryRender (E:\\Project App\\appsch\\node_modules\\express\\lib\\application.js:627:10)\n    at Function.render (E:\\Project App\\appsch\\node_modules\\express\\lib\\application.js:574:3)\n    at ServerResponse.render (E:\\Project App\\appsch\\node_modules\\express\\lib\\response.js:909:7)"}
[2025-12-23T12:54:07.884Z] [ERROR] E:\Project App\appsch\views\rbac-control.ejs:272
    270|                                             <div class="form-check form-switch d-flex justify-content-center">
    271|                                                 <input class="form-check-input permission-switch" type="checkbox" 
 >> 272|                                                        <%= r.permission.includes('1') ? 'checked' : '' %>
    273|                                                        data-role="<%= r.id %>" data-permission="1">
    274|                                             </div>
    275|                                         </td>

r.permission.includes is not a function | {"url":"/rbac-control","method":"GET","ip":"::1","userAgent":"Mozilla/5.0 (Windows NT 10.0; Win64; x64) AppleWebKit/537.36 (KHTML, like Gecko) Chrome/139.0.0.0 Safari/537.36","userId":"anonymous","params":{},"query":{},"stack":"TypeError: E:\\Project App\\appsch\\views\\rbac-control.ejs:272\n    270|                                             <div class=\"form-check form-switch d-flex justify-content-center\">\r\n    271|                                                 <input class=\"form-check-input permission-switch\" type=\"checkbox\" \r\n >> 272|                                                        <%= r.permission.includes('1') ? 'checked' : '' %>\r\n    273|                                                        data-role=\"<%= r.id %>\" data-permission=\"1\">\r\n    274|                                             </div>\r\n    275|                                         </td>\r\n\nr.permission.includes is not a function\n    at eval (eval at compile (E:\\Project App\\appsch\\node_modules\\ejs\\lib\\ejs.js:673:12), <anonymous>:24:39)\n    at Array.forEach (<anonymous>)\n    at eval (eval at compile (E:\\Project App\\appsch\\node_modules\\ejs\\lib\\ejs.js:673:12), <anonymous>:18:13)\n    at rbac-control (E:\\Project App\\appsch\\node_modules\\ejs\\lib\\ejs.js:703:17)\n    at tryHandleCache (E:\\Project App\\appsch\\node_modules\\ejs\\lib\\ejs.js:274:36)\n    at exports.renderFile [as engine] (E:\\Project App\\appsch\\node_modules\\ejs\\lib\\ejs.js:491:10)\n    at View.render (E:\\Project App\\appsch\\node_modules\\express\\lib\\view.js:139:8)\n    at tryRender (E:\\Project App\\appsch\\node_modules\\express\\lib\\application.js:627:10)\n    at Function.render (E:\\Project App\\appsch\\node_modules\\express\\lib\\application.js:574:3)\n    at ServerResponse.render (E:\\Project App\\appsch\\node_modules\\express\\lib\\response.js:909:7)"}
[2025-12-23T12:54:52.431Z] [ERROR] E:\Project App\appsch\views\rbac-control.ejs:272
    270|                                             <div class="form-check form-switch d-flex justify-content-center">
    271|                                                 <input class="form-check-input permission-switch" type="checkbox" 
 >> 272|                                                        <%= r.permission.includes('1') ? 'checked' : '' %>
    273|                                                        data-role="<%= r.id %>" data-permission="1">
    274|                                             </div>
    275|                                         </td>

r.permission.includes is not a function | {"url":"/rbac-test","method":"GET","ip":"::1","userAgent":"Mozilla/5.0 (Windows NT 10.0; Win64; x64) AppleWebKit/537.36 (KHTML, like Gecko) Chrome/139.0.0.0 Safari/537.36","userId":"anonymous","params":{},"query":{},"stack":"TypeError: E:\\Project App\\appsch\\views\\rbac-control.ejs:272\n    270|                                             <div class=\"form-check form-switch d-flex justify-content-center\">\r\n    271|                                                 <input class=\"form-check-input permission-switch\" type=\"checkbox\" \r\n >> 272|                                                        <%= r.permission.includes('1') ? 'checked' : '' %>\r\n    273|                                                        data-role=\"<%= r.id %>\" data-permission=\"1\">\r\n    274|                                             </div>\r\n    275|                                         </td>\r\n\nr.permission.includes is not a function\n    at eval (eval at compile (E:\\Project App\\appsch\\node_modules\\ejs\\lib\\ejs.js:673:12), <anonymous>:24:39)\n    at Array.forEach (<anonymous>)\n    at eval (eval at compile (E:\\Project App\\appsch\\node_modules\\ejs\\lib\\ejs.js:673:12), <anonymous>:18:13)\n    at rbac-control (E:\\Project App\\appsch\\node_modules\\ejs\\lib\\ejs.js:703:17)\n    at tryHandleCache (E:\\Project App\\appsch\\node_modules\\ejs\\lib\\ejs.js:274:36)\n    at exports.renderFile [as engine] (E:\\Project App\\appsch\\node_modules\\ejs\\lib\\ejs.js:491:10)\n    at View.render (E:\\Project App\\appsch\\node_modules\\express\\lib\\view.js:139:8)\n    at tryRender (E:\\Project App\\appsch\\node_modules\\express\\lib\\application.js:627:10)\n    at Function.render (E:\\Project App\\appsch\\node_modules\\express\\lib\\application.js:574:3)\n    at ServerResponse.render (E:\\Project App\\appsch\\node_modules\\express\\lib\\response.js:909:7)"}
[2025-12-23T12:55:05.281Z] [ERROR] E:\Project App\appsch\views\rbac-control.ejs:272
    270|                                             <div class="form-check form-switch d-flex justify-content-center">
    271|                                                 <input class="form-check-input permission-switch" type="checkbox" 
 >> 272|                                                        <%= r.permission.includes('1') ? 'checked' : '' %>
    273|                                                        data-role="<%= r.id %>" data-permission="1">
    274|                                             </div>
    275|                                         </td>

r.permission.includes is not a function | {"url":"/rbac-control","method":"GET","ip":"::1","userAgent":"Mozilla/5.0 (Windows NT 10.0; Win64; x64) AppleWebKit/537.36 (KHTML, like Gecko) Chrome/139.0.0.0 Safari/537.36","userId":"anonymous","params":{},"query":{},"stack":"TypeError: E:\\Project App\\appsch\\views\\rbac-control.ejs:272\n    270|                                             <div class=\"form-check form-switch d-flex justify-content-center\">\r\n    271|                                                 <input class=\"form-check-input permission-switch\" type=\"checkbox\" \r\n >> 272|                                                        <%= r.permission.includes('1') ? 'checked' : '' %>\r\n    273|                                                        data-role=\"<%= r.id %>\" data-permission=\"1\">\r\n    274|                                             </div>\r\n    275|                                         </td>\r\n\nr.permission.includes is not a function\n    at eval (eval at compile (E:\\Project App\\appsch\\node_modules\\ejs\\lib\\ejs.js:673:12), <anonymous>:24:39)\n    at Array.forEach (<anonymous>)\n    at eval (eval at compile (E:\\Project App\\appsch\\node_modules\\ejs\\lib\\ejs.js:673:12), <anonymous>:18:13)\n    at rbac-control (E:\\Project App\\appsch\\node_modules\\ejs\\lib\\ejs.js:703:17)\n    at tryHandleCache (E:\\Project App\\appsch\\node_modules\\ejs\\lib\\ejs.js:274:36)\n    at exports.renderFile [as engine] (E:\\Project App\\appsch\\node_modules\\ejs\\lib\\ejs.js:491:10)\n    at View.render (E:\\Project App\\appsch\\node_modules\\express\\lib\\view.js:139:8)\n    at tryRender (E:\\Project App\\appsch\\node_modules\\express\\lib\\application.js:627:10)\n    at Function.render (E:\\Project App\\appsch\\node_modules\\express\\lib\\application.js:574:3)\n    at ServerResponse.render (E:\\Project App\\appsch\\node_modules\\express\\lib\\response.js:909:7)"}
[2025-12-23T12:56:57.991Z] [ERROR] E:\Project App\appsch\views\rbac-control.ejs:272
    270|                                             <div class="form-check form-switch d-flex justify-content-center">
    271|                                                 <input class="form-check-input permission-switch" type="checkbox" 
 >> 272|                                                        <%= r.permission.includes('1') ? 'checked' : '' %>
    273|                                                        data-role="<%= r.id %>" data-permission="1">
    274|                                             </div>
    275|                                         </td>

r.permission.includes is not a function | {"url":"/rbac-control","method":"GET","ip":"::1","userAgent":"Mozilla/5.0 (Windows NT 10.0; Win64; x64) AppleWebKit/537.36 (KHTML, like Gecko) Chrome/139.0.0.0 Safari/537.36","userId":"anonymous","params":{},"query":{},"stack":"TypeError: E:\\Project App\\appsch\\views\\rbac-control.ejs:272\n    270|                                             <div class=\"form-check form-switch d-flex justify-content-center\">\r\n    271|                                                 <input class=\"form-check-input permission-switch\" type=\"checkbox\" \r\n >> 272|                                                        <%= r.permission.includes('1') ? 'checked' : '' %>\r\n    273|                                                        data-role=\"<%= r.id %>\" data-permission=\"1\">\r\n    274|                                             </div>\r\n    275|                                         </td>\r\n\nr.permission.includes is not a function\n    at eval (eval at compile (E:\\Project App\\appsch\\node_modules\\ejs\\lib\\ejs.js:673:12), <anonymous>:24:39)\n    at Array.forEach (<anonymous>)\n    at eval (eval at compile (E:\\Project App\\appsch\\node_modules\\ejs\\lib\\ejs.js:673:12), <anonymous>:18:13)\n    at rbac-control (E:\\Project App\\appsch\\node_modules\\ejs\\lib\\ejs.js:703:17)\n    at tryHandleCache (E:\\Project App\\appsch\\node_modules\\ejs\\lib\\ejs.js:274:36)\n    at exports.renderFile [as engine] (E:\\Project App\\appsch\\node_modules\\ejs\\lib\\ejs.js:491:10)\n    at View.render (E:\\Project App\\appsch\\node_modules\\express\\lib\\view.js:139:8)\n    at tryRender (E:\\Project App\\appsch\\node_modules\\express\\lib\\application.js:627:10)\n    at Function.render (E:\\Project App\\appsch\\node_modules\\express\\lib\\application.js:574:3)\n    at ServerResponse.render (E:\\Project App\\appsch\\node_modules\\express\\lib\\response.js:909:7)"}
[2025-12-23T12:59:32.513Z] [ERROR] E:\Project App\appsch\views\rbac-control.ejs:272
    270|                                             <div class="form-check form-switch d-flex justify-content-center">
    271|                                                 <input class="form-check-input permission-switch" type="checkbox" 
 >> 272|                                                        <%= r.permission.includes('1') ? 'checked' : '' %>
    273|                                                        data-role="<%= r.id %>" data-permission="1">
    274|                                             </div>
    275|                                         </td>

r.permission.includes is not a function | {"url":"/rbac-test","method":"GET","ip":"::1","userAgent":"Mozilla/5.0 (Windows NT 10.0; Win64; x64) AppleWebKit/537.36 (KHTML, like Gecko) Chrome/139.0.0.0 Safari/537.36","userId":"anonymous","params":{},"query":{},"stack":"TypeError: E:\\Project App\\appsch\\views\\rbac-control.ejs:272\n    270|                                             <div class=\"form-check form-switch d-flex justify-content-center\">\r\n    271|                                                 <input class=\"form-check-input permission-switch\" type=\"checkbox\" \r\n >> 272|                                                        <%= r.permission.includes('1') ? 'checked' : '' %>\r\n    273|                                                        data-role=\"<%= r.id %>\" data-permission=\"1\">\r\n    274|                                             </div>\r\n    275|                                         </td>\r\n\nr.permission.includes is not a function\n    at eval (eval at compile (E:\\Project App\\appsch\\node_modules\\ejs\\lib\\ejs.js:673:12), <anonymous>:24:39)\n    at Array.forEach (<anonymous>)\n    at eval (eval at compile (E:\\Project App\\appsch\\node_modules\\ejs\\lib\\ejs.js:673:12), <anonymous>:18:13)\n    at rbac-control (E:\\Project App\\appsch\\node_modules\\ejs\\lib\\ejs.js:703:17)\n    at tryHandleCache (E:\\Project App\\appsch\\node_modules\\ejs\\lib\\ejs.js:274:36)\n    at exports.renderFile [as engine] (E:\\Project App\\appsch\\node_modules\\ejs\\lib\\ejs.js:491:10)\n    at View.render (E:\\Project App\\appsch\\node_modules\\express\\lib\\view.js:139:8)\n    at tryRender (E:\\Project App\\appsch\\node_modules\\express\\lib\\application.js:627:10)\n    at Function.render (E:\\Project App\\appsch\\node_modules\\express\\lib\\application.js:574:3)\n    at ServerResponse.render (E:\\Project App\\appsch\\node_modules\\express\\lib\\response.js:909:7)"}
[2025-12-23T13:27:04.741Z] [ERROR] Response 500 (203ms) | {"requestId":"3f38932b-d6e9-4af7-a57b-bcbe2fe649ba","method":"POST","url":"/administrator/edit-role","statusCode":500,"responseTime":"203ms","userId":"anonymous","timestamp":"2025-12-23T13:27:04.741Z"}
