[2025-12-22T01:14:54.402Z] [ERROR] E:\Project App\appsch\views\rbac-control.ejs:272
    270|                                             <div class="form-check form-switch d-flex justify-content-center">
    271|                                                 <input class="form-check-input permission-switch" type="checkbox" 
 >> 272|                                                        <%= r.permission.includes('1') ? 'checked' : '' %>
    273|                                                        data-role="<%= r.id %>" data-permission="1">
    274|                                             </div>
    275|                                         </td>

r.permission.includes is not a function | {"url":"/rbac-control","method":"GET","ip":"::1","userAgent":"Mozilla/5.0 (Windows NT 10.0; Win64; x64) AppleWebKit/537.36 (KHTML, like Gecko) Chrome/139.0.0.0 Safari/537.36","userId":"anonymous","params":{},"query":{},"stack":"TypeError: E:\\Project App\\appsch\\views\\rbac-control.ejs:272\n    270|                                             <div class=\"form-check form-switch d-flex justify-content-center\">\r\n    271|                                                 <input class=\"form-check-input permission-switch\" type=\"checkbox\" \r\n >> 272|                                                        <%= r.permission.includes('1') ? 'checked' : '' %>\r\n    273|                                                        data-role=\"<%= r.id %>\" data-permission=\"1\">\r\n    274|                                             </div>\r\n    275|                                         </td>\r\n\nr.permission.includes is not a function\n    at eval (eval at compile (E:\\Project App\\appsch\\node_modules\\ejs\\lib\\ejs.js:673:12), <anonymous>:24:39)\n    at Array.forEach (<anonymous>)\n    at eval (eval at compile (E:\\Project App\\appsch\\node_modules\\ejs\\lib\\ejs.js:673:12), <anonymous>:18:13)\n    at rbac-control (E:\\Project App\\appsch\\node_modules\\ejs\\lib\\ejs.js:703:17)\n    at tryHandleCache (E:\\Project App\\appsch\\node_modules\\ejs\\lib\\ejs.js:274:36)\n    at exports.renderFile [as engine] (E:\\Project App\\appsch\\node_modules\\ejs\\lib\\ejs.js:491:10)\n    at View.render (E:\\Project App\\appsch\\node_modules\\express\\lib\\view.js:139:8)\n    at tryRender (E:\\Project App\\appsch\\node_modules\\express\\lib\\application.js:627:10)\n    at Function.render (E:\\Project App\\appsch\\node_modules\\express\\lib\\application.js:574:3)\n    at ServerResponse.render (E:\\Project App\\appsch\\node_modules\\express\\lib\\response.js:909:7)"}
[2025-12-22T01:20:11.137Z] [ERROR] E:\Project App\appsch\views\rbac-control.ejs:272
    270|                                             <div class="form-check form-switch d-flex justify-content-center">
    271|                                                 <input class="form-check-input permission-switch" type="checkbox" 
 >> 272|                                                        <%= r.permission.includes('1') ? 'checked' : '' %>
    273|                                                        data-role="<%= r.id %>" data-permission="1">
    274|                                             </div>
    275|                                         </td>

r.permission.includes is not a function | {"url":"/rbac-control","method":"GET","ip":"::1","userAgent":"Mozilla/5.0 (Windows NT 10.0; Win64; x64) AppleWebKit/537.36 (KHTML, like Gecko) Chrome/139.0.0.0 Safari/537.36","userId":"anonymous","params":{},"query":{},"stack":"TypeError: E:\\Project App\\appsch\\views\\rbac-control.ejs:272\n    270|                                             <div class=\"form-check form-switch d-flex justify-content-center\">\r\n    271|                                                 <input class=\"form-check-input permission-switch\" type=\"checkbox\" \r\n >> 272|                                                        <%= r.permission.includes('1') ? 'checked' : '' %>\r\n    273|                                                        data-role=\"<%= r.id %>\" data-permission=\"1\">\r\n    274|                                             </div>\r\n    275|                                         </td>\r\n\nr.permission.includes is not a function\n    at eval (eval at compile (E:\\Project App\\appsch\\node_modules\\ejs\\lib\\ejs.js:673:12), <anonymous>:24:39)\n    at Array.forEach (<anonymous>)\n    at eval (eval at compile (E:\\Project App\\appsch\\node_modules\\ejs\\lib\\ejs.js:673:12), <anonymous>:18:13)\n    at rbac-control (E:\\Project App\\appsch\\node_modules\\ejs\\lib\\ejs.js:703:17)\n    at tryHandleCache (E:\\Project App\\appsch\\node_modules\\ejs\\lib\\ejs.js:274:36)\n    at exports.renderFile [as engine] (E:\\Project App\\appsch\\node_modules\\ejs\\lib\\ejs.js:491:10)\n    at View.render (E:\\Project App\\appsch\\node_modules\\express\\lib\\view.js:139:8)\n    at tryRender (E:\\Project App\\appsch\\node_modules\\express\\lib\\application.js:627:10)\n    at Function.render (E:\\Project App\\appsch\\node_modules\\express\\lib\\application.js:574:3)\n    at ServerResponse.render (E:\\Project App\\appsch\\node_modules\\express\\lib\\response.js:909:7)"}
[2025-12-22T01:21:52.092Z] [ERROR] E:\Project App\appsch\views\rbac-control.ejs:272
    270|                                             <div class="form-check form-switch d-flex justify-content-center">
    271|                                                 <input class="form-check-input permission-switch" type="checkbox" 
 >> 272|                                                        <%= r.permission.includes('1') ? 'checked' : '' %>
    273|                                                        data-role="<%= r.id %>" data-permission="1">
    274|                                             </div>
    275|                                         </td>

r.permission.includes is not a function | {"url":"/rbac-control","method":"GET","ip":"::1","userAgent":"Mozilla/5.0 (Windows NT 10.0; Win64; x64) AppleWebKit/537.36 (KHTML, like Gecko) Chrome/139.0.0.0 Safari/537.36","userId":"anonymous","params":{},"query":{},"stack":"TypeError: E:\\Project App\\appsch\\views\\rbac-control.ejs:272\n    270|                                             <div class=\"form-check form-switch d-flex justify-content-center\">\r\n    271|                                                 <input class=\"form-check-input permission-switch\" type=\"checkbox\" \r\n >> 272|                                                        <%= r.permission.includes('1') ? 'checked' : '' %>\r\n    273|                                                        data-role=\"<%= r.id %>\" data-permission=\"1\">\r\n    274|                                             </div>\r\n    275|                                         </td>\r\n\nr.permission.includes is not a function\n    at eval (eval at compile (E:\\Project App\\appsch\\node_modules\\ejs\\lib\\ejs.js:673:12), <anonymous>:24:39)\n    at Array.forEach (<anonymous>)\n    at eval (eval at compile (E:\\Project App\\appsch\\node_modules\\ejs\\lib\\ejs.js:673:12), <anonymous>:18:13)\n    at rbac-control (E:\\Project App\\appsch\\node_modules\\ejs\\lib\\ejs.js:703:17)\n    at tryHandleCache (E:\\Project App\\appsch\\node_modules\\ejs\\lib\\ejs.js:274:36)\n    at exports.renderFile [as engine] (E:\\Project App\\appsch\\node_modules\\ejs\\lib\\ejs.js:491:10)\n    at View.render (E:\\Project App\\appsch\\node_modules\\express\\lib\\view.js:139:8)\n    at tryRender (E:\\Project App\\appsch\\node_modules\\express\\lib\\application.js:627:10)\n    at Function.render (E:\\Project App\\appsch\\node_modules\\express\\lib\\application.js:574:3)\n    at ServerResponse.render (E:\\Project App\\appsch\\node_modules\\express\\lib\\response.js:909:7)"}
[2025-12-22T01:50:14.594Z] [ERROR] E:\Project App\appsch\views\rbac-control.ejs:272
    270|                                             <div class="form-check form-switch d-flex justify-content-center">
    271|                                                 <input class="form-check-input permission-switch" type="checkbox" 
 >> 272|                                                        <%= r.permission.includes('1') ? 'checked' : '' %>
    273|                                                        data-role="<%= r.id %>" data-permission="1">
    274|                                             </div>
    275|                                         </td>

r.permission.includes is not a function | {"url":"/rbac-control","method":"GET","ip":"::1","userAgent":"Mozilla/5.0 (Windows NT 10.0; Win64; x64) AppleWebKit/537.36 (KHTML, like Gecko) Chrome/139.0.0.0 Safari/537.36","userId":"anonymous","params":{},"query":{},"stack":"TypeError: E:\\Project App\\appsch\\views\\rbac-control.ejs:272\n    270|                                             <div class=\"form-check form-switch d-flex justify-content-center\">\r\n    271|                                                 <input class=\"form-check-input permission-switch\" type=\"checkbox\" \r\n >> 272|                                                        <%= r.permission.includes('1') ? 'checked' : '' %>\r\n    273|                                                        data-role=\"<%= r.id %>\" data-permission=\"1\">\r\n    274|                                             </div>\r\n    275|                                         </td>\r\n\nr.permission.includes is not a function\n    at eval (eval at compile (E:\\Project App\\appsch\\node_modules\\ejs\\lib\\ejs.js:673:12), <anonymous>:24:39)\n    at Array.forEach (<anonymous>)\n    at eval (eval at compile (E:\\Project App\\appsch\\node_modules\\ejs\\lib\\ejs.js:673:12), <anonymous>:18:13)\n    at rbac-control (E:\\Project App\\appsch\\node_modules\\ejs\\lib\\ejs.js:703:17)\n    at tryHandleCache (E:\\Project App\\appsch\\node_modules\\ejs\\lib\\ejs.js:274:36)\n    at exports.renderFile [as engine] (E:\\Project App\\appsch\\node_modules\\ejs\\lib\\ejs.js:491:10)\n    at View.render (E:\\Project App\\appsch\\node_modules\\express\\lib\\view.js:139:8)\n    at tryRender (E:\\Project App\\appsch\\node_modules\\express\\lib\\application.js:627:10)\n    at Function.render (E:\\Project App\\appsch\\node_modules\\express\\lib\\application.js:574:3)\n    at ServerResponse.render (E:\\Project App\\appsch\\node_modules\\express\\lib\\response.js:909:7)"}
[2025-12-22T01:55:03.009Z] [ERROR] E:\Project App\appsch\views\rbac-control.ejs:272
    270|                                             <div class="form-check form-switch d-flex justify-content-center">
    271|                                                 <input class="form-check-input permission-switch" type="checkbox" 
 >> 272|                                                        <%= r.permission.includes('1') ? 'checked' : '' %>
    273|                                                        data-role="<%= r.id %>" data-permission="1">
    274|                                             </div>
    275|                                         </td>

r.permission.includes is not a function | {"url":"/rbac-control","method":"GET","ip":"::1","userAgent":"Mozilla/5.0 (Windows NT 10.0; Win64; x64) AppleWebKit/537.36 (KHTML, like Gecko) Chrome/139.0.0.0 Safari/537.36","userId":"anonymous","params":{},"query":{},"stack":"TypeError: E:\\Project App\\appsch\\views\\rbac-control.ejs:272\n    270|                                             <div class=\"form-check form-switch d-flex justify-content-center\">\r\n    271|                                                 <input class=\"form-check-input permission-switch\" type=\"checkbox\" \r\n >> 272|                                                        <%= r.permission.includes('1') ? 'checked' : '' %>\r\n    273|                                                        data-role=\"<%= r.id %>\" data-permission=\"1\">\r\n    274|                                             </div>\r\n    275|                                         </td>\r\n\nr.permission.includes is not a function\n    at eval (eval at compile (E:\\Project App\\appsch\\node_modules\\ejs\\lib\\ejs.js:673:12), <anonymous>:24:39)\n    at Array.forEach (<anonymous>)\n    at eval (eval at compile (E:\\Project App\\appsch\\node_modules\\ejs\\lib\\ejs.js:673:12), <anonymous>:18:13)\n    at rbac-control (E:\\Project App\\appsch\\node_modules\\ejs\\lib\\ejs.js:703:17)\n    at tryHandleCache (E:\\Project App\\appsch\\node_modules\\ejs\\lib\\ejs.js:274:36)\n    at exports.renderFile [as engine] (E:\\Project App\\appsch\\node_modules\\ejs\\lib\\ejs.js:491:10)\n    at View.render (E:\\Project App\\appsch\\node_modules\\express\\lib\\view.js:139:8)\n    at tryRender (E:\\Project App\\appsch\\node_modules\\express\\lib\\application.js:627:10)\n    at Function.render (E:\\Project App\\appsch\\node_modules\\express\\lib\\application.js:574:3)\n    at ServerResponse.render (E:\\Project App\\appsch\\node_modules\\express\\lib\\response.js:909:7)"}
[2025-12-22T01:55:06.223Z] [ERROR] E:\Project App\appsch\views\rbac-control.ejs:272
    270|                                             <div class="form-check form-switch d-flex justify-content-center">
    271|                                                 <input class="form-check-input permission-switch" type="checkbox" 
 >> 272|                                                        <%= r.permission.includes('1') ? 'checked' : '' %>
    273|                                                        data-role="<%= r.id %>" data-permission="1">
    274|                                             </div>
    275|                                         </td>

r.permission.includes is not a function | {"url":"/rbac-control","method":"GET","ip":"::1","userAgent":"Mozilla/5.0 (Windows NT 10.0; Win64; x64) AppleWebKit/537.36 (KHTML, like Gecko) Chrome/139.0.0.0 Safari/537.36","userId":"anonymous","params":{},"query":{},"stack":"TypeError: E:\\Project App\\appsch\\views\\rbac-control.ejs:272\n    270|                                             <div class=\"form-check form-switch d-flex justify-content-center\">\r\n    271|                                                 <input class=\"form-check-input permission-switch\" type=\"checkbox\" \r\n >> 272|                                                        <%= r.permission.includes('1') ? 'checked' : '' %>\r\n    273|                                                        data-role=\"<%= r.id %>\" data-permission=\"1\">\r\n    274|                                             </div>\r\n    275|                                         </td>\r\n\nr.permission.includes is not a function\n    at eval (eval at compile (E:\\Project App\\appsch\\node_modules\\ejs\\lib\\ejs.js:673:12), <anonymous>:24:39)\n    at Array.forEach (<anonymous>)\n    at eval (eval at compile (E:\\Project App\\appsch\\node_modules\\ejs\\lib\\ejs.js:673:12), <anonymous>:18:13)\n    at rbac-control (E:\\Project App\\appsch\\node_modules\\ejs\\lib\\ejs.js:703:17)\n    at tryHandleCache (E:\\Project App\\appsch\\node_modules\\ejs\\lib\\ejs.js:274:36)\n    at exports.renderFile [as engine] (E:\\Project App\\appsch\\node_modules\\ejs\\lib\\ejs.js:491:10)\n    at View.render (E:\\Project App\\appsch\\node_modules\\express\\lib\\view.js:139:8)\n    at tryRender (E:\\Project App\\appsch\\node_modules\\express\\lib\\application.js:627:10)\n    at Function.render (E:\\Project App\\appsch\\node_modules\\express\\lib\\application.js:574:3)\n    at ServerResponse.render (E:\\Project App\\appsch\\node_modules\\express\\lib\\response.js:909:7)"}
[2025-12-22T01:55:10.257Z] [ERROR] E:\Project App\appsch\views\rbac-control.ejs:272
    270|                                             <div class="form-check form-switch d-flex justify-content-center">
    271|                                                 <input class="form-check-input permission-switch" type="checkbox" 
 >> 272|                                                        <%= r.permission.includes('1') ? 'checked' : '' %>
    273|                                                        data-role="<%= r.id %>" data-permission="1">
    274|                                             </div>
    275|                                         </td>

r.permission.includes is not a function | {"url":"/rbac-control","method":"GET","ip":"::1","userAgent":"Mozilla/5.0 (Windows NT 10.0; Win64; x64) AppleWebKit/537.36 (KHTML, like Gecko) Chrome/139.0.0.0 Safari/537.36","userId":"anonymous","params":{},"query":{},"stack":"TypeError: E:\\Project App\\appsch\\views\\rbac-control.ejs:272\n    270|                                             <div class=\"form-check form-switch d-flex justify-content-center\">\r\n    271|                                                 <input class=\"form-check-input permission-switch\" type=\"checkbox\" \r\n >> 272|                                                        <%= r.permission.includes('1') ? 'checked' : '' %>\r\n    273|                                                        data-role=\"<%= r.id %>\" data-permission=\"1\">\r\n    274|                                             </div>\r\n    275|                                         </td>\r\n\nr.permission.includes is not a function\n    at eval (eval at compile (E:\\Project App\\appsch\\node_modules\\ejs\\lib\\ejs.js:673:12), <anonymous>:24:39)\n    at Array.forEach (<anonymous>)\n    at eval (eval at compile (E:\\Project App\\appsch\\node_modules\\ejs\\lib\\ejs.js:673:12), <anonymous>:18:13)\n    at rbac-control (E:\\Project App\\appsch\\node_modules\\ejs\\lib\\ejs.js:703:17)\n    at tryHandleCache (E:\\Project App\\appsch\\node_modules\\ejs\\lib\\ejs.js:274:36)\n    at exports.renderFile [as engine] (E:\\Project App\\appsch\\node_modules\\ejs\\lib\\ejs.js:491:10)\n    at View.render (E:\\Project App\\appsch\\node_modules\\express\\lib\\view.js:139:8)\n    at tryRender (E:\\Project App\\appsch\\node_modules\\express\\lib\\application.js:627:10)\n    at Function.render (E:\\Project App\\appsch\\node_modules\\express\\lib\\application.js:574:3)\n    at ServerResponse.render (E:\\Project App\\appsch\\node_modules\\express\\lib\\response.js:909:7)"}
[2025-12-22T01:55:25.022Z] [ERROR] E:\Project App\appsch\views\rbac-control.ejs:272
    270|                                             <div class="form-check form-switch d-flex justify-content-center">
    271|                                                 <input class="form-check-input permission-switch" type="checkbox" 
 >> 272|                                                        <%= r.permission.includes('1') ? 'checked' : '' %>
    273|                                                        data-role="<%= r.id %>" data-permission="1">
    274|                                             </div>
    275|                                         </td>

r.permission.includes is not a function | {"url":"/rbac-control","method":"GET","ip":"::1","userAgent":"Mozilla/5.0 (Windows NT 10.0; Win64; x64) AppleWebKit/537.36 (KHTML, like Gecko) Chrome/139.0.0.0 Safari/537.36","userId":"anonymous","params":{},"query":{},"stack":"TypeError: E:\\Project App\\appsch\\views\\rbac-control.ejs:272\n    270|                                             <div class=\"form-check form-switch d-flex justify-content-center\">\r\n    271|                                                 <input class=\"form-check-input permission-switch\" type=\"checkbox\" \r\n >> 272|                                                        <%= r.permission.includes('1') ? 'checked' : '' %>\r\n    273|                                                        data-role=\"<%= r.id %>\" data-permission=\"1\">\r\n    274|                                             </div>\r\n    275|                                         </td>\r\n\nr.permission.includes is not a function\n    at eval (eval at compile (E:\\Project App\\appsch\\node_modules\\ejs\\lib\\ejs.js:673:12), <anonymous>:24:39)\n    at Array.forEach (<anonymous>)\n    at eval (eval at compile (E:\\Project App\\appsch\\node_modules\\ejs\\lib\\ejs.js:673:12), <anonymous>:18:13)\n    at rbac-control (E:\\Project App\\appsch\\node_modules\\ejs\\lib\\ejs.js:703:17)\n    at tryHandleCache (E:\\Project App\\appsch\\node_modules\\ejs\\lib\\ejs.js:274:36)\n    at exports.renderFile [as engine] (E:\\Project App\\appsch\\node_modules\\ejs\\lib\\ejs.js:491:10)\n    at View.render (E:\\Project App\\appsch\\node_modules\\express\\lib\\view.js:139:8)\n    at tryRender (E:\\Project App\\appsch\\node_modules\\express\\lib\\application.js:627:10)\n    at Function.render (E:\\Project App\\appsch\\node_modules\\express\\lib\\application.js:574:3)\n    at ServerResponse.render (E:\\Project App\\appsch\\node_modules\\express\\lib\\response.js:909:7)"}
[2025-12-22T01:55:27.971Z] [ERROR] E:\Project App\appsch\views\rbac-control.ejs:272
    270|                                             <div class="form-check form-switch d-flex justify-content-center">
    271|                                                 <input class="form-check-input permission-switch" type="checkbox" 
 >> 272|                                                        <%= r.permission.includes('1') ? 'checked' : '' %>
    273|                                                        data-role="<%= r.id %>" data-permission="1">
    274|                                             </div>
    275|                                         </td>

r.permission.includes is not a function | {"url":"/rbac-control","method":"GET","ip":"::1","userAgent":"Mozilla/5.0 (Windows NT 10.0; Win64; x64) AppleWebKit/537.36 (KHTML, like Gecko) Chrome/139.0.0.0 Safari/537.36","userId":"anonymous","params":{},"query":{},"stack":"TypeError: E:\\Project App\\appsch\\views\\rbac-control.ejs:272\n    270|                                             <div class=\"form-check form-switch d-flex justify-content-center\">\r\n    271|                                                 <input class=\"form-check-input permission-switch\" type=\"checkbox\" \r\n >> 272|                                                        <%= r.permission.includes('1') ? 'checked' : '' %>\r\n    273|                                                        data-role=\"<%= r.id %>\" data-permission=\"1\">\r\n    274|                                             </div>\r\n    275|                                         </td>\r\n\nr.permission.includes is not a function\n    at eval (eval at compile (E:\\Project App\\appsch\\node_modules\\ejs\\lib\\ejs.js:673:12), <anonymous>:24:39)\n    at Array.forEach (<anonymous>)\n    at eval (eval at compile (E:\\Project App\\appsch\\node_modules\\ejs\\lib\\ejs.js:673:12), <anonymous>:18:13)\n    at rbac-control (E:\\Project App\\appsch\\node_modules\\ejs\\lib\\ejs.js:703:17)\n    at tryHandleCache (E:\\Project App\\appsch\\node_modules\\ejs\\lib\\ejs.js:274:36)\n    at exports.renderFile [as engine] (E:\\Project App\\appsch\\node_modules\\ejs\\lib\\ejs.js:491:10)\n    at View.render (E:\\Project App\\appsch\\node_modules\\express\\lib\\view.js:139:8)\n    at tryRender (E:\\Project App\\appsch\\node_modules\\express\\lib\\application.js:627:10)\n    at Function.render (E:\\Project App\\appsch\\node_modules\\express\\lib\\application.js:574:3)\n    at ServerResponse.render (E:\\Project App\\appsch\\node_modules\\express\\lib\\response.js:909:7)"}
[2025-12-22T01:55:37.955Z] [ERROR] E:\Project App\appsch\views\rbac-control.ejs:272
    270|                                             <div class="form-check form-switch d-flex justify-content-center">
    271|                                                 <input class="form-check-input permission-switch" type="checkbox" 
 >> 272|                                                        <%= r.permission.includes('1') ? 'checked' : '' %>
    273|                                                        data-role="<%= r.id %>" data-permission="1">
    274|                                             </div>
    275|                                         </td>

r.permission.includes is not a function | {"url":"/rbac-control","method":"GET","ip":"::1","userAgent":"Mozilla/5.0 (Windows NT 10.0; Win64; x64) AppleWebKit/537.36 (KHTML, like Gecko) Chrome/139.0.0.0 Safari/537.36","userId":"anonymous","params":{},"query":{},"stack":"TypeError: E:\\Project App\\appsch\\views\\rbac-control.ejs:272\n    270|                                             <div class=\"form-check form-switch d-flex justify-content-center\">\r\n    271|                                                 <input class=\"form-check-input permission-switch\" type=\"checkbox\" \r\n >> 272|                                                        <%= r.permission.includes('1') ? 'checked' : '' %>\r\n    273|                                                        data-role=\"<%= r.id %>\" data-permission=\"1\">\r\n    274|                                             </div>\r\n    275|                                         </td>\r\n\nr.permission.includes is not a function\n    at eval (eval at compile (E:\\Project App\\appsch\\node_modules\\ejs\\lib\\ejs.js:673:12), <anonymous>:24:39)\n    at Array.forEach (<anonymous>)\n    at eval (eval at compile (E:\\Project App\\appsch\\node_modules\\ejs\\lib\\ejs.js:673:12), <anonymous>:18:13)\n    at rbac-control (E:\\Project App\\appsch\\node_modules\\ejs\\lib\\ejs.js:703:17)\n    at tryHandleCache (E:\\Project App\\appsch\\node_modules\\ejs\\lib\\ejs.js:274:36)\n    at exports.renderFile [as engine] (E:\\Project App\\appsch\\node_modules\\ejs\\lib\\ejs.js:491:10)\n    at View.render (E:\\Project App\\appsch\\node_modules\\express\\lib\\view.js:139:8)\n    at tryRender (E:\\Project App\\appsch\\node_modules\\express\\lib\\application.js:627:10)\n    at Function.render (E:\\Project App\\appsch\\node_modules\\express\\lib\\application.js:574:3)\n    at ServerResponse.render (E:\\Project App\\appsch\\node_modules\\express\\lib\\response.js:909:7)"}
[2025-12-22T01:58:37.805Z] [ERROR] E:\Project App\appsch\views\rbac-control.ejs:272
    270|                                             <div class="form-check form-switch d-flex justify-content-center">
    271|                                                 <input class="form-check-input permission-switch" type="checkbox" 
 >> 272|                                                        <%= r.permission.includes('1') ? 'checked' : '' %>
    273|                                                        data-role="<%= r.id %>" data-permission="1">
    274|                                             </div>
    275|                                         </td>

r.permission.includes is not a function | {"url":"/rbac-control","method":"GET","ip":"::1","userAgent":"Mozilla/5.0 (Windows NT 10.0; Win64; x64) AppleWebKit/537.36 (KHTML, like Gecko) Chrome/139.0.0.0 Safari/537.36","userId":"anonymous","params":{},"query":{},"stack":"TypeError: E:\\Project App\\appsch\\views\\rbac-control.ejs:272\n    270|                                             <div class=\"form-check form-switch d-flex justify-content-center\">\r\n    271|                                                 <input class=\"form-check-input permission-switch\" type=\"checkbox\" \r\n >> 272|                                                        <%= r.permission.includes('1') ? 'checked' : '' %>\r\n    273|                                                        data-role=\"<%= r.id %>\" data-permission=\"1\">\r\n    274|                                             </div>\r\n    275|                                         </td>\r\n\nr.permission.includes is not a function\n    at eval (eval at compile (E:\\Project App\\appsch\\node_modules\\ejs\\lib\\ejs.js:673:12), <anonymous>:24:39)\n    at Array.forEach (<anonymous>)\n    at eval (eval at compile (E:\\Project App\\appsch\\node_modules\\ejs\\lib\\ejs.js:673:12), <anonymous>:18:13)\n    at rbac-control (E:\\Project App\\appsch\\node_modules\\ejs\\lib\\ejs.js:703:17)\n    at tryHandleCache (E:\\Project App\\appsch\\node_modules\\ejs\\lib\\ejs.js:274:36)\n    at exports.renderFile [as engine] (E:\\Project App\\appsch\\node_modules\\ejs\\lib\\ejs.js:491:10)\n    at View.render (E:\\Project App\\appsch\\node_modules\\express\\lib\\view.js:139:8)\n    at tryRender (E:\\Project App\\appsch\\node_modules\\express\\lib\\application.js:627:10)\n    at Function.render (E:\\Project App\\appsch\\node_modules\\express\\lib\\application.js:574:3)\n    at ServerResponse.render (E:\\Project App\\appsch\\node_modules\\express\\lib\\response.js:909:7)"}
[2025-12-22T01:58:39.545Z] [ERROR] E:\Project App\appsch\views\rbac-control.ejs:272
    270|                                             <div class="form-check form-switch d-flex justify-content-center">
    271|                                                 <input class="form-check-input permission-switch" type="checkbox" 
 >> 272|                                                        <%= r.permission.includes('1') ? 'checked' : '' %>
    273|                                                        data-role="<%= r.id %>" data-permission="1">
    274|                                             </div>
    275|                                         </td>

r.permission.includes is not a function | {"url":"/rbac-control","method":"GET","ip":"::1","userAgent":"Mozilla/5.0 (Windows NT 10.0; Win64; x64) AppleWebKit/537.36 (KHTML, like Gecko) Chrome/139.0.0.0 Safari/537.36","userId":"anonymous","params":{},"query":{},"stack":"TypeError: E:\\Project App\\appsch\\views\\rbac-control.ejs:272\n    270|                                             <div class=\"form-check form-switch d-flex justify-content-center\">\r\n    271|                                                 <input class=\"form-check-input permission-switch\" type=\"checkbox\" \r\n >> 272|                                                        <%= r.permission.includes('1') ? 'checked' : '' %>\r\n    273|                                                        data-role=\"<%= r.id %>\" data-permission=\"1\">\r\n    274|                                             </div>\r\n    275|                                         </td>\r\n\nr.permission.includes is not a function\n    at eval (eval at compile (E:\\Project App\\appsch\\node_modules\\ejs\\lib\\ejs.js:673:12), <anonymous>:24:39)\n    at Array.forEach (<anonymous>)\n    at eval (eval at compile (E:\\Project App\\appsch\\node_modules\\ejs\\lib\\ejs.js:673:12), <anonymous>:18:13)\n    at rbac-control (E:\\Project App\\appsch\\node_modules\\ejs\\lib\\ejs.js:703:17)\n    at tryHandleCache (E:\\Project App\\appsch\\node_modules\\ejs\\lib\\ejs.js:274:36)\n    at exports.renderFile [as engine] (E:\\Project App\\appsch\\node_modules\\ejs\\lib\\ejs.js:491:10)\n    at View.render (E:\\Project App\\appsch\\node_modules\\express\\lib\\view.js:139:8)\n    at tryRender (E:\\Project App\\appsch\\node_modules\\express\\lib\\application.js:627:10)\n    at Function.render (E:\\Project App\\appsch\\node_modules\\express\\lib\\application.js:574:3)\n    at ServerResponse.render (E:\\Project App\\appsch\\node_modules\\express\\lib\\response.js:909:7)"}
[2025-12-22T01:58:42.461Z] [ERROR] E:\Project App\appsch\views\rbac-control.ejs:272
    270|                                             <div class="form-check form-switch d-flex justify-content-center">
    271|                                                 <input class="form-check-input permission-switch" type="checkbox" 
 >> 272|                                                        <%= r.permission.includes('1') ? 'checked' : '' %>
    273|                                                        data-role="<%= r.id %>" data-permission="1">
    274|                                             </div>
    275|                                         </td>

r.permission.includes is not a function | {"url":"/rbac-control","method":"GET","ip":"::1","userAgent":"Mozilla/5.0 (Windows NT 10.0; Win64; x64) AppleWebKit/537.36 (KHTML, like Gecko) Chrome/139.0.0.0 Safari/537.36","userId":"anonymous","params":{},"query":{},"stack":"TypeError: E:\\Project App\\appsch\\views\\rbac-control.ejs:272\n    270|                                             <div class=\"form-check form-switch d-flex justify-content-center\">\r\n    271|                                                 <input class=\"form-check-input permission-switch\" type=\"checkbox\" \r\n >> 272|                                                        <%= r.permission.includes('1') ? 'checked' : '' %>\r\n    273|                                                        data-role=\"<%= r.id %>\" data-permission=\"1\">\r\n    274|                                             </div>\r\n    275|                                         </td>\r\n\nr.permission.includes is not a function\n    at eval (eval at compile (E:\\Project App\\appsch\\node_modules\\ejs\\lib\\ejs.js:673:12), <anonymous>:24:39)\n    at Array.forEach (<anonymous>)\n    at eval (eval at compile (E:\\Project App\\appsch\\node_modules\\ejs\\lib\\ejs.js:673:12), <anonymous>:18:13)\n    at rbac-control (E:\\Project App\\appsch\\node_modules\\ejs\\lib\\ejs.js:703:17)\n    at tryHandleCache (E:\\Project App\\appsch\\node_modules\\ejs\\lib\\ejs.js:274:36)\n    at exports.renderFile [as engine] (E:\\Project App\\appsch\\node_modules\\ejs\\lib\\ejs.js:491:10)\n    at View.render (E:\\Project App\\appsch\\node_modules\\express\\lib\\view.js:139:8)\n    at tryRender (E:\\Project App\\appsch\\node_modules\\express\\lib\\application.js:627:10)\n    at Function.render (E:\\Project App\\appsch\\node_modules\\express\\lib\\application.js:574:3)\n    at ServerResponse.render (E:\\Project App\\appsch\\node_modules\\express\\lib\\response.js:909:7)"}
[2025-12-22T02:07:29.192Z] [ERROR] E:\Project App\appsch\views\rbac-control.ejs:272
    270|                                             <div class="form-check form-switch d-flex justify-content-center">
    271|                                                 <input class="form-check-input permission-switch" type="checkbox" 
 >> 272|                                                        <%= r.permission.includes('1') ? 'checked' : '' %>
    273|                                                        data-role="<%= r.id %>" data-permission="1">
    274|                                             </div>
    275|                                         </td>

r.permission.includes is not a function | {"url":"/rbac-control","method":"GET","ip":"::1","userAgent":"Mozilla/5.0 (Windows NT 10.0; Win64; x64) AppleWebKit/537.36 (KHTML, like Gecko) Chrome/139.0.0.0 Safari/537.36","userId":"anonymous","params":{},"query":{},"stack":"TypeError: E:\\Project App\\appsch\\views\\rbac-control.ejs:272\n    270|                                             <div class=\"form-check form-switch d-flex justify-content-center\">\r\n    271|                                                 <input class=\"form-check-input permission-switch\" type=\"checkbox\" \r\n >> 272|                                                        <%= r.permission.includes('1') ? 'checked' : '' %>\r\n    273|                                                        data-role=\"<%= r.id %>\" data-permission=\"1\">\r\n    274|                                             </div>\r\n    275|                                         </td>\r\n\nr.permission.includes is not a function\n    at eval (eval at compile (E:\\Project App\\appsch\\node_modules\\ejs\\lib\\ejs.js:673:12), <anonymous>:24:39)\n    at Array.forEach (<anonymous>)\n    at eval (eval at compile (E:\\Project App\\appsch\\node_modules\\ejs\\lib\\ejs.js:673:12), <anonymous>:18:13)\n    at rbac-control (E:\\Project App\\appsch\\node_modules\\ejs\\lib\\ejs.js:703:17)\n    at tryHandleCache (E:\\Project App\\appsch\\node_modules\\ejs\\lib\\ejs.js:274:36)\n    at exports.renderFile [as engine] (E:\\Project App\\appsch\\node_modules\\ejs\\lib\\ejs.js:491:10)\n    at View.render (E:\\Project App\\appsch\\node_modules\\express\\lib\\view.js:139:8)\n    at tryRender (E:\\Project App\\appsch\\node_modules\\express\\lib\\application.js:627:10)\n    at Function.render (E:\\Project App\\appsch\\node_modules\\express\\lib\\application.js:574:3)\n    at ServerResponse.render (E:\\Project App\\appsch\\node_modules\\express\\lib\\response.js:909:7)"}
[2025-12-22T02:07:30.874Z] [ERROR] E:\Project App\appsch\views\rbac-control.ejs:272
    270|                                             <div class="form-check form-switch d-flex justify-content-center">
    271|                                                 <input class="form-check-input permission-switch" type="checkbox" 
 >> 272|                                                        <%= r.permission.includes('1') ? 'checked' : '' %>
    273|                                                        data-role="<%= r.id %>" data-permission="1">
    274|                                             </div>
    275|                                         </td>

r.permission.includes is not a function | {"url":"/rbac-control","method":"GET","ip":"::1","userAgent":"Mozilla/5.0 (Windows NT 10.0; Win64; x64) AppleWebKit/537.36 (KHTML, like Gecko) Chrome/139.0.0.0 Safari/537.36","userId":"anonymous","params":{},"query":{},"stack":"TypeError: E:\\Project App\\appsch\\views\\rbac-control.ejs:272\n    270|                                             <div class=\"form-check form-switch d-flex justify-content-center\">\r\n    271|                                                 <input class=\"form-check-input permission-switch\" type=\"checkbox\" \r\n >> 272|                                                        <%= r.permission.includes('1') ? 'checked' : '' %>\r\n    273|                                                        data-role=\"<%= r.id %>\" data-permission=\"1\">\r\n    274|                                             </div>\r\n    275|                                         </td>\r\n\nr.permission.includes is not a function\n    at eval (eval at compile (E:\\Project App\\appsch\\node_modules\\ejs\\lib\\ejs.js:673:12), <anonymous>:24:39)\n    at Array.forEach (<anonymous>)\n    at eval (eval at compile (E:\\Project App\\appsch\\node_modules\\ejs\\lib\\ejs.js:673:12), <anonymous>:18:13)\n    at rbac-control (E:\\Project App\\appsch\\node_modules\\ejs\\lib\\ejs.js:703:17)\n    at tryHandleCache (E:\\Project App\\appsch\\node_modules\\ejs\\lib\\ejs.js:274:36)\n    at exports.renderFile [as engine] (E:\\Project App\\appsch\\node_modules\\ejs\\lib\\ejs.js:491:10)\n    at View.render (E:\\Project App\\appsch\\node_modules\\express\\lib\\view.js:139:8)\n    at tryRender (E:\\Project App\\appsch\\node_modules\\express\\lib\\application.js:627:10)\n    at Function.render (E:\\Project App\\appsch\\node_modules\\express\\lib\\application.js:574:3)\n    at ServerResponse.render (E:\\Project App\\appsch\\node_modules\\express\\lib\\response.js:909:7)"}
[2025-12-22T02:07:32.574Z] [ERROR] E:\Project App\appsch\views\rbac-control.ejs:272
    270|                                             <div class="form-check form-switch d-flex justify-content-center">
    271|                                                 <input class="form-check-input permission-switch" type="checkbox" 
 >> 272|                                                        <%= r.permission.includes('1') ? 'checked' : '' %>
    273|                                                        data-role="<%= r.id %>" data-permission="1">
    274|                                             </div>
    275|                                         </td>

r.permission.includes is not a function | {"url":"/rbac-control","method":"GET","ip":"::1","userAgent":"Mozilla/5.0 (Windows NT 10.0; Win64; x64) AppleWebKit/537.36 (KHTML, like Gecko) Chrome/139.0.0.0 Safari/537.36","userId":"anonymous","params":{},"query":{},"stack":"TypeError: E:\\Project App\\appsch\\views\\rbac-control.ejs:272\n    270|                                             <div class=\"form-check form-switch d-flex justify-content-center\">\r\n    271|                                                 <input class=\"form-check-input permission-switch\" type=\"checkbox\" \r\n >> 272|                                                        <%= r.permission.includes('1') ? 'checked' : '' %>\r\n    273|                                                        data-role=\"<%= r.id %>\" data-permission=\"1\">\r\n    274|                                             </div>\r\n    275|                                         </td>\r\n\nr.permission.includes is not a function\n    at eval (eval at compile (E:\\Project App\\appsch\\node_modules\\ejs\\lib\\ejs.js:673:12), <anonymous>:24:39)\n    at Array.forEach (<anonymous>)\n    at eval (eval at compile (E:\\Project App\\appsch\\node_modules\\ejs\\lib\\ejs.js:673:12), <anonymous>:18:13)\n    at rbac-control (E:\\Project App\\appsch\\node_modules\\ejs\\lib\\ejs.js:703:17)\n    at tryHandleCache (E:\\Project App\\appsch\\node_modules\\ejs\\lib\\ejs.js:274:36)\n    at exports.renderFile [as engine] (E:\\Project App\\appsch\\node_modules\\ejs\\lib\\ejs.js:491:10)\n    at View.render (E:\\Project App\\appsch\\node_modules\\express\\lib\\view.js:139:8)\n    at tryRender (E:\\Project App\\appsch\\node_modules\\express\\lib\\application.js:627:10)\n    at Function.render (E:\\Project App\\appsch\\node_modules\\express\\lib\\application.js:574:3)\n    at ServerResponse.render (E:\\Project App\\appsch\\node_modules\\express\\lib\\response.js:909:7)"}
[2025-12-22T02:07:50.927Z] [ERROR] E:\Project App\appsch\views\rbac-control.ejs:272
    270|                                             <div class="form-check form-switch d-flex justify-content-center">
    271|                                                 <input class="form-check-input permission-switch" type="checkbox" 
 >> 272|                                                        <%= r.permission.includes('1') ? 'checked' : '' %>
    273|                                                        data-role="<%= r.id %>" data-permission="1">
    274|                                             </div>
    275|                                         </td>

r.permission.includes is not a function | {"url":"/rbac-control","method":"GET","ip":"::ffff:127.0.0.1","userAgent":"Mozilla/5.0 (Windows NT 10.0; Win64; x64) AppleWebKit/537.36 (KHTML, like Gecko) Chrome/139.0.0.0 Safari/537.36","userId":"anonymous","params":{},"query":{},"stack":"TypeError: E:\\Project App\\appsch\\views\\rbac-control.ejs:272\n    270|                                             <div class=\"form-check form-switch d-flex justify-content-center\">\r\n    271|                                                 <input class=\"form-check-input permission-switch\" type=\"checkbox\" \r\n >> 272|                                                        <%= r.permission.includes('1') ? 'checked' : '' %>\r\n    273|                                                        data-role=\"<%= r.id %>\" data-permission=\"1\">\r\n    274|                                             </div>\r\n    275|                                         </td>\r\n\nr.permission.includes is not a function\n    at eval (eval at compile (E:\\Project App\\appsch\\node_modules\\ejs\\lib\\ejs.js:673:12), <anonymous>:24:39)\n    at Array.forEach (<anonymous>)\n    at eval (eval at compile (E:\\Project App\\appsch\\node_modules\\ejs\\lib\\ejs.js:673:12), <anonymous>:18:13)\n    at rbac-control (E:\\Project App\\appsch\\node_modules\\ejs\\lib\\ejs.js:703:17)\n    at tryHandleCache (E:\\Project App\\appsch\\node_modules\\ejs\\lib\\ejs.js:274:36)\n    at exports.renderFile [as engine] (E:\\Project App\\appsch\\node_modules\\ejs\\lib\\ejs.js:491:10)\n    at View.render (E:\\Project App\\appsch\\node_modules\\express\\lib\\view.js:139:8)\n    at tryRender (E:\\Project App\\appsch\\node_modules\\express\\lib\\application.js:627:10)\n    at Function.render (E:\\Project App\\appsch\\node_modules\\express\\lib\\application.js:574:3)\n    at ServerResponse.render (E:\\Project App\\appsch\\node_modules\\express\\lib\\response.js:909:7)"}
[2025-12-22T02:07:53.570Z] [ERROR] E:\Project App\appsch\views\rbac-control.ejs:272
    270|                                             <div class="form-check form-switch d-flex justify-content-center">
    271|                                                 <input class="form-check-input permission-switch" type="checkbox" 
 >> 272|                                                        <%= r.permission.includes('1') ? 'checked' : '' %>
    273|                                                        data-role="<%= r.id %>" data-permission="1">
    274|                                             </div>
    275|                                         </td>

r.permission.includes is not a function | {"url":"/rbac-control","method":"GET","ip":"::ffff:127.0.0.1","userAgent":"Mozilla/5.0 (Windows NT 10.0; Win64; x64) AppleWebKit/537.36 (KHTML, like Gecko) Chrome/139.0.0.0 Safari/537.36","userId":"anonymous","params":{},"query":{},"stack":"TypeError: E:\\Project App\\appsch\\views\\rbac-control.ejs:272\n    270|                                             <div class=\"form-check form-switch d-flex justify-content-center\">\r\n    271|                                                 <input class=\"form-check-input permission-switch\" type=\"checkbox\" \r\n >> 272|                                                        <%= r.permission.includes('1') ? 'checked' : '' %>\r\n    273|                                                        data-role=\"<%= r.id %>\" data-permission=\"1\">\r\n    274|                                             </div>\r\n    275|                                         </td>\r\n\nr.permission.includes is not a function\n    at eval (eval at compile (E:\\Project App\\appsch\\node_modules\\ejs\\lib\\ejs.js:673:12), <anonymous>:24:39)\n    at Array.forEach (<anonymous>)\n    at eval (eval at compile (E:\\Project App\\appsch\\node_modules\\ejs\\lib\\ejs.js:673:12), <anonymous>:18:13)\n    at rbac-control (E:\\Project App\\appsch\\node_modules\\ejs\\lib\\ejs.js:703:17)\n    at tryHandleCache (E:\\Project App\\appsch\\node_modules\\ejs\\lib\\ejs.js:274:36)\n    at exports.renderFile [as engine] (E:\\Project App\\appsch\\node_modules\\ejs\\lib\\ejs.js:491:10)\n    at View.render (E:\\Project App\\appsch\\node_modules\\express\\lib\\view.js:139:8)\n    at tryRender (E:\\Project App\\appsch\\node_modules\\express\\lib\\application.js:627:10)\n    at Function.render (E:\\Project App\\appsch\\node_modules\\express\\lib\\application.js:574:3)\n    at ServerResponse.render (E:\\Project App\\appsch\\node_modules\\express\\lib\\response.js:909:7)"}
[2025-12-22T02:10:18.228Z] [ERROR] E:\Project App\appsch\views\rbac-control.ejs:272
    270|                                             <div class="form-check form-switch d-flex justify-content-center">
    271|                                                 <input class="form-check-input permission-switch" type="checkbox" 
 >> 272|                                                        <%= r.permission.includes('1') ? 'checked' : '' %>
    273|                                                        data-role="<%= r.id %>" data-permission="1">
    274|                                             </div>
    275|                                         </td>

r.permission.includes is not a function | {"url":"/rbac-control","method":"GET","ip":"::1","userAgent":"Mozilla/5.0 (Windows NT 10.0; Win64; x64) AppleWebKit/537.36 (KHTML, like Gecko) Chrome/139.0.0.0 Safari/537.36","userId":"anonymous","params":{},"query":{},"stack":"TypeError: E:\\Project App\\appsch\\views\\rbac-control.ejs:272\n    270|                                             <div class=\"form-check form-switch d-flex justify-content-center\">\r\n    271|                                                 <input class=\"form-check-input permission-switch\" type=\"checkbox\" \r\n >> 272|                                                        <%= r.permission.includes('1') ? 'checked' : '' %>\r\n    273|                                                        data-role=\"<%= r.id %>\" data-permission=\"1\">\r\n    274|                                             </div>\r\n    275|                                         </td>\r\n\nr.permission.includes is not a function\n    at eval (eval at compile (E:\\Project App\\appsch\\node_modules\\ejs\\lib\\ejs.js:673:12), <anonymous>:24:39)\n    at Array.forEach (<anonymous>)\n    at eval (eval at compile (E:\\Project App\\appsch\\node_modules\\ejs\\lib\\ejs.js:673:12), <anonymous>:18:13)\n    at rbac-control (E:\\Project App\\appsch\\node_modules\\ejs\\lib\\ejs.js:703:17)\n    at tryHandleCache (E:\\Project App\\appsch\\node_modules\\ejs\\lib\\ejs.js:274:36)\n    at exports.renderFile [as engine] (E:\\Project App\\appsch\\node_modules\\ejs\\lib\\ejs.js:491:10)\n    at View.render (E:\\Project App\\appsch\\node_modules\\express\\lib\\view.js:139:8)\n    at tryRender (E:\\Project App\\appsch\\node_modules\\express\\lib\\application.js:627:10)\n    at Function.render (E:\\Project App\\appsch\\node_modules\\express\\lib\\application.js:574:3)\n    at ServerResponse.render (E:\\Project App\\appsch\\node_modules\\express\\lib\\response.js:909:7)"}
[2025-12-22T02:10:20.660Z] [ERROR] E:\Project App\appsch\views\rbac-control.ejs:272
    270|                                             <div class="form-check form-switch d-flex justify-content-center">
    271|                                                 <input class="form-check-input permission-switch" type="checkbox" 
 >> 272|                                                        <%= r.permission.includes('1') ? 'checked' : '' %>
    273|                                                        data-role="<%= r.id %>" data-permission="1">
    274|                                             </div>
    275|                                         </td>

r.permission.includes is not a function | {"url":"/rbac-control","method":"GET","ip":"::1","userAgent":"Mozilla/5.0 (Windows NT 10.0; Win64; x64) AppleWebKit/537.36 (KHTML, like Gecko) Chrome/139.0.0.0 Safari/537.36","userId":"anonymous","params":{},"query":{},"stack":"TypeError: E:\\Project App\\appsch\\views\\rbac-control.ejs:272\n    270|                                             <div class=\"form-check form-switch d-flex justify-content-center\">\r\n    271|                                                 <input class=\"form-check-input permission-switch\" type=\"checkbox\" \r\n >> 272|                                                        <%= r.permission.includes('1') ? 'checked' : '' %>\r\n    273|                                                        data-role=\"<%= r.id %>\" data-permission=\"1\">\r\n    274|                                             </div>\r\n    275|                                         </td>\r\n\nr.permission.includes is not a function\n    at eval (eval at compile (E:\\Project App\\appsch\\node_modules\\ejs\\lib\\ejs.js:673:12), <anonymous>:24:39)\n    at Array.forEach (<anonymous>)\n    at eval (eval at compile (E:\\Project App\\appsch\\node_modules\\ejs\\lib\\ejs.js:673:12), <anonymous>:18:13)\n    at rbac-control (E:\\Project App\\appsch\\node_modules\\ejs\\lib\\ejs.js:703:17)\n    at tryHandleCache (E:\\Project App\\appsch\\node_modules\\ejs\\lib\\ejs.js:274:36)\n    at exports.renderFile [as engine] (E:\\Project App\\appsch\\node_modules\\ejs\\lib\\ejs.js:491:10)\n    at View.render (E:\\Project App\\appsch\\node_modules\\express\\lib\\view.js:139:8)\n    at tryRender (E:\\Project App\\appsch\\node_modules\\express\\lib\\application.js:627:10)\n    at Function.render (E:\\Project App\\appsch\\node_modules\\express\\lib\\application.js:574:3)\n    at ServerResponse.render (E:\\Project App\\appsch\\node_modules\\express\\lib\\response.js:909:7)"}
